TN:
SF:C:\Users\dell\Desktop\accountingtestings\app.js
FN:75,(anonymous_0)
FN:85,(anonymous_1)
FNF:2
FNH:0
FNDA:0,(anonymous_0)
FNDA:0,(anonymous_1)
DA:1,1
DA:2,1
DA:3,1
DA:4,1
DA:5,1
DA:6,1
DA:8,1
DA:9,1
DA:11,1
DA:12,1
DA:13,1
DA:15,1
DA:18,1
DA:19,1
DA:22,1
DA:23,1
DA:24,1
DA:25,1
DA:26,1
DA:28,1
DA:29,1
DA:32,1
DA:33,1
DA:34,1
DA:35,1
DA:39,1
DA:40,1
DA:41,1
DA:42,1
DA:43,1
DA:44,1
DA:46,1
DA:47,1
DA:48,1
DA:49,1
DA:50,1
DA:51,1
DA:54,1
DA:55,1
DA:56,1
DA:58,1
DA:59,1
DA:60,1
DA:63,1
DA:67,1
DA:75,1
DA:76,0
DA:80,1
DA:81,0
DA:85,1
DA:87,0
DA:88,0
DA:91,0
DA:92,0
DA:95,1
LF:55
LH:49
BRDA:80,0,0,0
BRDA:80,0,1,1
BRDA:88,1,0,0
BRDA:88,1,1,0
BRDA:91,2,0,0
BRDA:91,2,1,0
BRF:6
BRH:1
end_of_record
TN:
SF:C:\Users\dell\Desktop\accountingtestings\models\expenditures.js
FNF:0
FNH:0
DA:1,1
DA:3,1
DA:13,1
LF:3
LH:3
BRF:0
BRH:0
end_of_record
TN:
SF:C:\Users\dell\Desktop\accountingtestings\models\incomes.js
FNF:0
FNH:0
DA:1,1
DA:3,1
DA:13,1
LF:3
LH:3
BRF:0
BRH:0
end_of_record
TN:
SF:C:\Users\dell\Desktop\accountingtestings\models\users.js
FNF:0
FNH:0
DA:1,1
DA:3,1
DA:9,1
LF:3
LH:3
BRF:0
BRH:0
end_of_record
TN:
SF:C:\Users\dell\Desktop\accountingtestings\routes\expenditure.js
FN:16,(anonymous_0)
FN:20,(anonymous_1)
FN:25,(anonymous_2)
FN:29,(anonymous_3)
FN:38,(anonymous_4)
FN:42,(anonymous_5)
FN:65,(anonymous_6)
FN:69,(anonymous_7)
FN:79,getByValue
FN:80,(anonymous_9)
FN:84,getTotalAmounts
FN:86,(anonymous_11)
FN:90,compare
FN:91,(anonymous_13)
FN:106,(anonymous_14)
FN:118,(anonymous_15)
FN:129,(anonymous_16)
FN:131,(anonymous_17)
FN:142,(anonymous_18)
FN:144,(anonymous_19)
FN:155,(anonymous_20)
FN:158,(anonymous_21)
FN:170,(anonymous_22)
FN:172,(anonymous_23)
FN:182,(anonymous_24)
FN:195,(anonymous_25)
FN:198,(anonymous_26)
FNF:27
FNH:1
FNDA:0,(anonymous_0)
FNDA:1,(anonymous_1)
FNDA:0,(anonymous_2)
FNDA:0,(anonymous_3)
FNDA:0,(anonymous_4)
FNDA:0,(anonymous_5)
FNDA:0,(anonymous_6)
FNDA:0,(anonymous_7)
FNDA:0,getByValue
FNDA:0,(anonymous_9)
FNDA:0,getTotalAmounts
FNDA:0,(anonymous_11)
FNDA:0,compare
FNDA:0,(anonymous_13)
FNDA:0,(anonymous_14)
FNDA:0,(anonymous_15)
FNDA:0,(anonymous_16)
FNDA:0,(anonymous_17)
FNDA:0,(anonymous_18)
FNDA:0,(anonymous_19)
FNDA:0,(anonymous_20)
FNDA:0,(anonymous_21)
FNDA:0,(anonymous_22)
FNDA:0,(anonymous_23)
FNDA:0,(anonymous_24)
FNDA:0,(anonymous_25)
FNDA:0,(anonymous_26)
DA:4,1
DA:5,1
DA:8,1
DA:11,1
DA:14,1
DA:16,1
DA:17,0
DA:20,1
DA:21,1
DA:25,1
DA:27,0
DA:29,0
DA:30,0
DA:31,0
DA:33,0
DA:38,1
DA:40,0
DA:42,0
DA:43,0
DA:44,0
DA:46,0
DA:65,1
DA:67,0
DA:69,0
DA:70,0
DA:71,0
DA:72,0
DA:74,0
DA:80,0
DA:81,0
DA:85,0
DA:86,0
DA:87,0
DA:91,0
DA:92,0
DA:93,0
DA:94,0
DA:95,0
DA:96,0
DA:97,0
DA:99,0
DA:106,1
DA:108,0
DA:110,0
DA:111,0
DA:112,0
DA:113,0
DA:114,0
DA:115,0
DA:116,0
DA:118,0
DA:119,0
DA:120,0
DA:123,0
DA:129,1
DA:131,0
DA:132,0
DA:133,0
DA:134,0
DA:136,0
DA:142,1
DA:144,0
DA:145,0
DA:146,0
DA:149,0
DA:155,1
DA:156,0
DA:158,0
DA:159,0
DA:160,0
DA:163,0
DA:170,1
DA:172,0
DA:173,0
DA:174,0
DA:175,0
DA:177,0
DA:178,0
DA:179,0
DA:180,0
DA:181,0
DA:182,0
DA:183,0
DA:184,0
DA:186,0
DA:195,1
DA:196,0
DA:198,0
DA:199,0
DA:200,0
DA:202,0
DA:227,1
LF:92
LH:18
BRDA:30,0,0,0
BRDA:30,0,1,0
BRDA:43,1,0,0
BRDA:43,1,1,0
BRDA:70,2,0,0
BRDA:70,2,1,0
BRDA:81,3,0,0
BRDA:81,3,1,0
BRDA:94,4,0,0
BRDA:94,4,1,0
BRDA:96,5,0,0
BRDA:96,5,1,0
BRDA:119,6,0,0
BRDA:119,6,1,0
BRDA:132,7,0,0
BRDA:132,7,1,0
BRDA:145,8,0,0
BRDA:145,8,1,0
BRDA:159,9,0,0
BRDA:159,9,1,0
BRDA:173,10,0,0
BRDA:173,10,1,0
BRDA:183,11,0,0
BRDA:183,11,1,0
BRDA:199,12,0,0
BRDA:199,12,1,0
BRF:26
BRH:0
end_of_record
TN:
SF:C:\Users\dell\Desktop\accountingtestings\routes\income.js
FN:15,(anonymous_0)
FN:19,(anonymous_1)
FN:24,(anonymous_2)
FN:28,(anonymous_3)
FN:37,(anonymous_4)
FN:41,(anonymous_5)
FN:52,(anonymous_6)
FN:56,(anonymous_7)
FN:68,getByValue
FN:69,(anonymous_9)
FN:73,getTotalAmounts
FN:75,(anonymous_11)
FN:80,compare
FN:81,(anonymous_13)
FN:112,(anonymous_14)
FN:124,(anonymous_15)
FN:136,(anonymous_16)
FN:138,(anonymous_17)
FN:149,(anonymous_18)
FN:151,(anonymous_19)
FN:162,(anonymous_20)
FN:164,(anonymous_21)
FN:174,(anonymous_22)
FN:189,(anonymous_23)
FN:192,(anonymous_24)
FN:202,(anonymous_25)
FN:205,(anonymous_26)
FNF:27
FNH:1
FNDA:0,(anonymous_0)
FNDA:1,(anonymous_1)
FNDA:0,(anonymous_2)
FNDA:0,(anonymous_3)
FNDA:0,(anonymous_4)
FNDA:0,(anonymous_5)
FNDA:0,(anonymous_6)
FNDA:0,(anonymous_7)
FNDA:0,getByValue
FNDA:0,(anonymous_9)
FNDA:0,getTotalAmounts
FNDA:0,(anonymous_11)
FNDA:0,compare
FNDA:0,(anonymous_13)
FNDA:0,(anonymous_14)
FNDA:0,(anonymous_15)
FNDA:0,(anonymous_16)
FNDA:0,(anonymous_17)
FNDA:0,(anonymous_18)
FNDA:0,(anonymous_19)
FNDA:0,(anonymous_20)
FNDA:0,(anonymous_21)
FNDA:0,(anonymous_22)
FNDA:0,(anonymous_23)
FNDA:0,(anonymous_24)
FNDA:0,(anonymous_25)
FNDA:0,(anonymous_26)
DA:4,1
DA:5,1
DA:8,1
DA:10,1
DA:13,1
DA:15,1
DA:16,0
DA:19,1
DA:20,1
DA:24,1
DA:26,0
DA:28,0
DA:29,0
DA:30,0
DA:32,0
DA:37,1
DA:39,0
DA:41,0
DA:42,0
DA:43,0
DA:45,0
DA:52,1
DA:54,0
DA:56,0
DA:57,0
DA:58,0
DA:59,0
DA:61,0
DA:69,0
DA:70,0
DA:74,0
DA:75,0
DA:76,0
DA:81,0
DA:82,0
DA:83,0
DA:84,0
DA:85,0
DA:86,0
DA:87,0
DA:89,0
DA:112,1
DA:114,0
DA:116,0
DA:117,0
DA:118,0
DA:119,0
DA:120,0
DA:121,0
DA:122,0
DA:124,0
DA:125,0
DA:126,0
DA:129,0
DA:136,1
DA:138,0
DA:139,0
DA:140,0
DA:141,0
DA:143,0
DA:149,1
DA:151,0
DA:152,0
DA:153,0
DA:156,0
DA:162,1
DA:164,0
DA:165,0
DA:166,0
DA:167,0
DA:169,0
DA:170,0
DA:171,0
DA:172,0
DA:173,0
DA:174,0
DA:175,0
DA:176,0
DA:178,0
DA:189,1
DA:190,0
DA:192,0
DA:193,0
DA:194,0
DA:196,0
DA:202,1
DA:203,0
DA:205,0
DA:206,0
DA:207,0
DA:210,0
DA:250,1
LF:92
LH:18
BRDA:29,0,0,0
BRDA:29,0,1,0
BRDA:42,1,0,0
BRDA:42,1,1,0
BRDA:57,2,0,0
BRDA:57,2,1,0
BRDA:70,3,0,0
BRDA:70,3,1,0
BRDA:84,4,0,0
BRDA:84,4,1,0
BRDA:86,5,0,0
BRDA:86,5,1,0
BRDA:125,6,0,0
BRDA:125,6,1,0
BRDA:139,7,0,0
BRDA:139,7,1,0
BRDA:152,8,0,0
BRDA:152,8,1,0
BRDA:165,9,0,0
BRDA:165,9,1,0
BRDA:175,10,0,0
BRDA:175,10,1,0
BRDA:193,11,0,0
BRDA:193,11,1,0
BRDA:206,12,0,0
BRDA:206,12,1,0
BRF:26
BRH:0
end_of_record
TN:
SF:C:\Users\dell\Desktop\accountingtestings\routes\index.js
FN:5,(anonymous_0)
FNF:1
FNH:0
FNDA:0,(anonymous_0)
DA:1,1
DA:2,1
DA:5,1
DA:6,0
DA:9,1
LF:5
LH:4
BRF:0
BRH:0
end_of_record
TN:
SF:C:\Users\dell\Desktop\accountingtestings\routes\users.js
FN:16,(anonymous_0)
FN:20,(anonymous_1)
FN:32,(anonymous_2)
FN:36,(anonymous_3)
FN:63,(anonymous_4)
FN:71,(anonymous_5)
FN:82,(anonymous_6)
FN:86,(anonymous_7)
FN:101,(anonymous_8)
FN:103,(anonymous_9)
FN:141,(anonymous_10)
FN:145,(anonymous_11)
FN:157,(anonymous_12)
FN:161,(anonymous_13)
FNF:14
FNH:9
FNDA:0,(anonymous_0)
FNDA:1,(anonymous_1)
FNDA:3,(anonymous_2)
FNDA:3,(anonymous_3)
FNDA:1,(anonymous_4)
FNDA:1,(anonymous_5)
FNDA:2,(anonymous_6)
FNDA:2,(anonymous_7)
FNDA:1,(anonymous_8)
FNDA:1,(anonymous_9)
FNDA:0,(anonymous_10)
FNDA:0,(anonymous_11)
FNDA:0,(anonymous_12)
FNDA:0,(anonymous_13)
DA:6,1
DA:7,1
DA:9,1
DA:11,1
DA:14,1
DA:16,1
DA:17,0
DA:20,1
DA:21,1
DA:32,1
DA:34,3
DA:36,3
DA:37,3
DA:38,0
DA:40,3
DA:63,1
DA:65,1
DA:67,1
DA:68,1
DA:69,1
DA:71,1
DA:72,1
DA:73,0
DA:76,1
DA:82,1
DA:84,2
DA:86,2
DA:87,2
DA:89,1
DA:91,1
DA:101,1
DA:103,1
DA:104,1
DA:105,0
DA:106,0
DA:108,1
DA:141,1
DA:143,0
DA:145,0
DA:146,0
DA:147,0
DA:148,0
DA:149,0
DA:150,0
DA:153,0
DA:157,1
DA:159,0
DA:161,0
DA:162,0
DA:163,0
DA:164,0
DA:165,0
DA:166,0
DA:169,0
DA:184,1
LF:55
LH:34
BRDA:37,0,0,0
BRDA:37,0,1,3
BRDA:72,1,0,0
BRDA:72,1,1,1
BRDA:87,2,0,1
BRDA:87,2,1,1
BRDA:104,3,0,0
BRDA:104,3,1,1
BRDA:146,4,0,0
BRDA:146,4,1,0
BRDA:148,5,0,0
BRDA:148,5,1,0
BRDA:162,6,0,0
BRDA:162,6,1,0
BRDA:164,7,0,0
BRDA:164,7,1,0
BRF:16
BRH:5
end_of_record
